{
  "RSpec": {
    "coverage": {
      "/Users/benstein/Desktop/Git/firecracker/app/helpers/application_helper.rb": [
        1,
        null
      ],
      "/Users/benstein/Desktop/Git/firecracker/app/helpers/pages_helper.rb": [
        1,
        null
      ],
      "/Users/benstein/Desktop/Git/firecracker/app/models/user.rb": [
        1,
        null,
        1,
        null,
        null,
        null,
        1,
        null,
        null,
        1,
        null,
        1,
        0,
        null,
        null
      ],
      "/Users/benstein/Desktop/Git/firecracker/app/controllers/pages_controller.rb": [
        1,
        null
      ],
      "/Users/benstein/Desktop/Git/firecracker/app/controllers/application_controller.rb": [
        1,
        1,
        null
      ],
      "/Users/benstein/Desktop/Git/firecracker/app/channels/application_cable/channel.rb": [
        0,
        0,
        0,
        0
      ],
      "/Users/benstein/Desktop/Git/firecracker/app/channels/application_cable/connection.rb": [
        0,
        0,
        0,
        0
      ],
      "/Users/benstein/Desktop/Git/firecracker/app/jobs/application_job.rb": [
        0,
        0
      ],
      "/Users/benstein/Desktop/Git/firecracker/app/mailers/application_mailer.rb": [
        0,
        0,
        0,
        0
      ],
      "/Users/benstein/Desktop/Git/firecracker/app/models/application_record.rb": [
        0,
        0,
        0
      ]
    },
    "timestamp": 1489971036
  }
}
