{
  "RSpec": {
    "coverage": {
      "/Users/benstein/Desktop/Git/firecracker/app/controllers/application_controller.rb": [
        1,
        1,
        null
      ],
      "/Users/benstein/Desktop/Git/firecracker/app/helpers/application_helper.rb": [
        1,
        null
      ],
      "/Users/benstein/Desktop/Git/firecracker/app/helpers/pages_helper.rb": [
        1,
        null
      ],
      "/Users/benstein/Desktop/Git/firecracker/app/helpers/party_helper.rb": [
        1,
        null
      ],
      "/Users/benstein/Desktop/Git/firecracker/app/models/admin_user.rb": [
        1,
        null,
        null,
        1,
        null,
        null
      ],
      "/Users/benstein/Desktop/Git/firecracker/app/models/application_record.rb": [
        1,
        1,
        null
      ],
      "/Users/benstein/Desktop/Git/firecracker/app/admin/party.rb": [
        1,
        1,
        null,
        1,
        0,
        0,
        0,
        0,
        0,
        0,
        0,
        0,
        null,
        null,
        null,
        null,
        null,
        null,
        1,
        0,
        0,
        0,
        0,
        0,
        0,
        0,
        0,
        null,
        null,
        0,
        null,
        null
      ],
      "/Users/benstein/Desktop/Git/firecracker/app/models/party.rb": [
        1,
        1,
        1,
        1,
        1,
        1,
        1,
        1,
        null
      ],
      "/Users/benstein/Desktop/Git/firecracker/app/admin/dashboard.rb": [
        1,
        null,
        1,
        null,
        1,
        0,
        0,
        0,
        0,
        null,
        null,
        null,
        null,
        null,
        null,
        null,
        null,
        null,
        null,
        null,
        null,
        null,
        null,
        null,
        null,
        null,
        null,
        null,
        null,
        null,
        null,
        null,
        null
      ],
      "/Users/benstein/Desktop/Git/firecracker/app/admin/admin_user.rb": [
        1,
        1,
        null,
        1,
        0,
        0,
        0,
        0,
        0,
        0,
        0,
        null,
        null,
        1,
        1,
        1,
        1,
        null,
        1,
        0,
        0,
        0,
        0,
        null,
        0,
        null,
        null,
        null
      ],
      "/Users/benstein/Desktop/Git/firecracker/app/models/user.rb": [
        1,
        null,
        1,
        null,
        null,
        null,
        1,
        null,
        null,
        1,
        null,
        1,
        2,
        null,
        null
      ],
      "/Users/benstein/Desktop/Git/firecracker/app/controllers/pages_controller.rb": [
        1,
        1,
        2,
        null,
        null
      ],
      "/Users/benstein/Desktop/Git/firecracker/app/controllers/party_controller.rb": [
        1,
        null,
        null,
        null,
        1,
        1,
        null,
        null,
        1,
        1,
        null,
        null,
        null
      ],
      "/Users/benstein/Desktop/Git/firecracker/app/mailers/application_mailer.rb": [
        0,
        0,
        0,
        0
      ]
    },
    "timestamp": 1517496413
  }
}
